#
# A fatal error has been detected by the Java Runtime Environment:
#
#  EXCEPTION_INT_OVERFLOW (0xc0000095) at pc=0x0000000063b78b98, pid=3816, tid=3508
#
# JRE version: 7.0_13-b20
# Java VM: Java HotSpot(TM) 64-Bit Server VM (23.7-b01 mixed mode windows-amd64 compressed oops)
# Problematic frame:
# V  [jvm.dll+0x418b98]
#
# Failed to write core dump. Minidumps are not enabled by default on client versions of Windows
#
# If you would like to submit a bug report, please visit:
#   http://bugreport.sun.com/bugreport/crash.jsp
#

---------------  T H R E A D  ---------------

Current thread (0x000000001bf9f000):  JavaThread "C2 CompilerThread1" daemon [_thread_in_native, id=3508, stack(0x000000001e290000,0x000000001e390000)]

siginfo: ExceptionCode=0xc0000095

Registers:
RAX=0x0000000080000000, RBX=0x000000007fffffff, RCX=0x0000000080000001, RDX=0x00000000ffffffff
RSP=0x000000001e38bdd0, RBP=0x000000001e38c280, RSI=0x000000001e724de0, RDI=0x00000000ffffffff
R8 =0x0000000000000800, R9 =0x000000001e724d10, R10=0x000000001e6ca240, R11=0x0000000000000018
R12=0x000000001e6e9cb0, R13=0x0000000000000160, R14=0x000000001bf89370, R15=0x0000000000000002
RIP=0x0000000063b78b98, EFLAGS=0x0000000000010297

Top of Stack: (sp=0x000000001e38bdd0)
0x000000001e38bdd0:   0000000000000000 000000001e724de0
0x000000001e38bde0:   0000000000000000 0000000000000000
0x000000001e38bdf0:   00000000000001ff 0000000063b7eb66
0x000000001e38be00:   000000001e6e9cb0 000000001e38bec8
0x000000001e38be10:   000000001e38c280 000000001e38bfa0
0x000000001e38be20:   000000001e38c280 000000001e38bec8
0x000000001e38be30:   000000001e6e9cb0 0000000063b7ee1b
0x000000001e38be40:   000000001e38bfa0 000000001e38bec8
0x000000001e38be50:   000000001e38c280 00000000000001ff
0x000000001e38be60:   000000001e38c280 0000000063b7ee67
0x000000001e38be70:   000000001e6e9dd0 000000001e38bec8
0x000000001e38be80:   000000001e5c1138 000000001e7247b0
0x000000001e38be90:   000000001e38c280 0000000063b6cd79
0x000000001e38bea0:   0000000000000001 000000001e6e7900
0x000000001e38beb0:   000000001e6e7900 000000001e38c280
0x000000001e38bec0:   000000001e743828 000000001bf89370 

Instructions: (pc=0x0000000063b78b98)
0x0000000063b78b78:   f9 ff 48 8b c8 e8 7e bf f9 ff 83 ca ff 85 ff b9
0x0000000063b78b88:   01 00 00 00 0f 4f d1 8b cf 2b ca 2b cb 03 c1 99
0x0000000063b78b98:   f7 ff 85 c0 7e 0d 83 f8 ff 73 08 66 83 4e 30 08
0x0000000063b78ba8:   89 46 3c 48 8b 74 24 38 48 8b 5c 24 30 48 8b 7c 


Register to memory mapping:

RAX=0x0000000080000000 is an unknown value
RBX=0x000000007fffffff is an unknown value
RCX=0x0000000080000001 is an unknown value
RDX=0x00000000ffffffff is an unknown value
RSP=0x000000001e38bdd0 is pointing into the stack for thread: 0x000000001bf9f000
RBP=0x000000001e38c280 is pointing into the stack for thread: 0x000000001bf9f000
RSI=0x000000001e724de0 is an unknown value
RDI=0x00000000ffffffff is an unknown value
R8 =0x0000000000000800 is an unknown value
R9 =0x000000001e724d10 is an unknown value
R10=0x000000001e6ca240 is an unknown value
R11=0x0000000000000018 is an unknown value
R12=0x000000001e6e9cb0 is an unknown value
R13=0x0000000000000160 is an unknown value
R14=0x000000001bf89370 is an unknown value
R15=0x0000000000000002 is an unknown value


Stack: [0x000000001e290000,0x000000001e390000],  sp=0x000000001e38bdd0,  free space=1007k
Native frames: (J=compiled Java code, j=interpreted, Vv=VM code, C=native code)
V  [jvm.dll+0x418b98]


Current CompileTask:
C2:  26369    4 %           codelib.CodeLib::run @ 216 (493 bytes)


---------------  P R O C E S S  ---------------

Java Threads: ( => current thread )
  0x000000001bfaa800 JavaThread "Service Thread" daemon [_thread_blocked, id=3740, stack(0x000000001e390000,0x000000001e490000)]
=>0x000000001bf9f000 JavaThread "C2 CompilerThread1" daemon [_thread_in_native, id=3508, stack(0x000000001e290000,0x000000001e390000)]
  0x000000001bf99800 JavaThread "C2 CompilerThread0" daemon [_thread_blocked, id=2440, stack(0x000000001e190000,0x000000001e290000)]
  0x000000001bf98000 JavaThread "Attach Listener" daemon [_thread_blocked, id=2132, stack(0x000000001e090000,0x000000001e190000)]
  0x000000001bf93800 JavaThread "Signal Dispatcher" daemon [_thread_blocked, id=5868, stack(0x000000001df90000,0x000000001e090000)]
  0x000000001bf2e000 JavaThread "Finalizer" daemon [_thread_blocked, id=5652, stack(0x000000001de90000,0x000000001df90000)]
  0x000000001bf26800 JavaThread "Reference Handler" daemon [_thread_blocked, id=3208, stack(0x000000001dd90000,0x000000001de90000)]
  0x00000000025cd800 JavaThread "main" [_thread_in_Java, id=1760, stack(0x00000000025d0000,0x00000000026d0000)]

Other Threads:
  0x000000001bf21800 VMThread [stack: 0x000000001dc90000,0x000000001dd90000] [id=2060]
  0x000000001bfc5800 WatcherThread [stack: 0x000000001e490000,0x000000001e590000] [id=5076]

VM state:not at safepoint (normal execution)

VM Mutex/Monitor currently owned by a thread: None

Heap
 PSYoungGen      total 152768K, used 2618K [0x0000000755800000, 0x0000000760280000, 0x0000000800000000)
  eden space 130944K, 2% used [0x0000000755800000,0x0000000755a8ebf0,0x000000075d7e0000)
  from space 21824K, 0% used [0x000000075ed30000,0x000000075ed30000,0x0000000760280000)
  to   space 21824K, 0% used [0x000000075d7e0000,0x000000075d7e0000,0x000000075ed30000)
 ParOldGen       total 349184K, used 0K [0x0000000600800000, 0x0000000615d00000, 0x0000000755800000)
  object space 349184K, 0% used [0x0000000600800000,0x0000000600800000,0x0000000615d00000)
 PSPermGen       total 21248K, used 3905K [0x00000005fb600000, 0x00000005fcac0000, 0x0000000600800000)
  object space 21248K, 18% used [0x00000005fb600000,0x00000005fb9d0630,0x00000005fcac0000)

Card table byte_map: [0x00000000057d0000,0x0000000006800000] byte_map_base: 0x00000000027f5000

Polling page: 0x0000000000b10000

Code Cache  [0x00000000027d0000, 0x0000000002a40000, 0x00000000057d0000)
 total_blobs=223 nmethods=5 adapters=170 free_code_cache=48743Kb largest_free_block=49897152

Compilation events (10 events):
Event: 0.086 Thread 0x000000001bf99800 nmethod 1% 0x0000000002831e90 code [0x0000000002831fc0, 0x0000000002832018]
Event: 0.086 Thread 0x000000001bf9f000    2 %           codelib.CodeLib::run @ 27 (493 bytes)
Event: 0.088 Thread 0x000000001bf9f000 nmethod 2% 0x0000000002830210 code [0x0000000002830340, 0x00000000028304f8]
Event: 1.595 Thread 0x000000001bf99800    1             java.lang.String::hashCode (55 bytes)
Event: 1.598 Thread 0x000000001bf99800 nmethod 1 0x0000000002833950 code [0x0000000002833a80, 0x0000000002833c18]
Event: 1.622 Thread 0x000000001bf9f000    3 %           codelib.CodeLib::run @ 119 (493 bytes)
Event: 1.629 Thread 0x000000001bf9f000 nmethod 3% 0x00000000028362d0 code [0x00000000028364e0, 0x0000000002836c10]
Event: 26.271 Thread 0x000000001bf99800    2             math.Math::intSqrt (348 bytes)
Event: 26.272 Thread 0x000000001bf9f000    4 %           codelib.CodeLib::run @ 216 (493 bytes)
Event: 26.274 Thread 0x000000001bf99800 nmethod 2 0x0000000002835ad0 code [0x0000000002835c20, 0x0000000002836038]

GC Heap History (0 events):
No events

Deoptimization events (3 events):
Event: 0.086 Thread 0x00000000025cd800 Uncommon trap 60 fr.pc 0x0000000002831ff8
Event: 1.583 Thread 0x00000000025cd800 Uncommon trap 8 fr.pc 0x00000000028304d0
Event: 26.268 Thread 0x00000000025cd800 Uncommon trap 76 fr.pc 0x0000000002836a88

Internal exceptions (10 events):
Event: 0.068 Thread 0x00000000025cd800 Threw 0x000000075584dba0 at C:\jdk7u2_64p\jdk7u13\hotspot\src\share\vm\prims\jvm.cpp:1166
Event: 1.592 Thread 0x00000000025cd800 Threw 0x000000075586ae48 at C:\jdk7u2_64p\jdk7u13\hotspot\src\share\vm\prims\jvm.cpp:1166
Event: 1.592 Thread 0x00000000025cd800 Threw 0x000000075586bcc0 at C:\jdk7u2_64p\jdk7u13\hotspot\src\share\vm\prims\jvm.cpp:1166
Event: 1.596 Thread 0x00000000025cd800 Threw 0x000000075587e930 at C:\jdk7u2_64p\jdk7u13\hotspot\src\share\vm\prims\jvm.cpp:1166
Event: 1.596 Thread 0x00000000025cd800 Threw 0x000000075587eb58 at C:\jdk7u2_64p\jdk7u13\hotspot\src\share\vm\prims\jvm.cpp:1166
Event: 1.597 Thread 0x00000000025cd800 Threw 0x00000007558828a0 at C:\jdk7u2_64p\jdk7u13\hotspot\src\share\vm\prims\jvm.cpp:1166
Event: 1.597 Thread 0x00000000025cd800 Threw 0x0000000755882ac8 at C:\jdk7u2_64p\jdk7u13\hotspot\src\share\vm\prims\jvm.cpp:1166
Event: 1.597 Thread 0x00000000025cd800 Threw 0x0000000755884110 at C:\jdk7u2_64p\jdk7u13\hotspot\src\share\vm\prims\jvm.cpp:1166
Event: 1.598 Thread 0x00000000025cd800 Threw 0x0000000755884fc8 at C:\jdk7u2_64p\jdk7u13\hotspot\src\share\vm\prims\jvm.cpp:1166
Event: 26.268 Thread 0x00000000025cd800 Threw 0x00000007558a56f8 at C:\jdk7u2_64p\jdk7u13\hotspot\src\share\vm\prims\jvm.cpp:1166

Events (10 events):
Event: 1.620 loading class 0x000000001e677190
Event: 1.620 loading class 0x000000001e677190 done
Event: 1.621 loading class 0x000000001e620870
Event: 1.621 loading class 0x000000001e620870 done
Event: 4.066 Executing VM operation: EnableBiasedLocking
Event: 26.267 Executing VM operation: EnableBiasedLocking done
Event: 26.268 loading class 0x000000001e5937d0
Event: 26.268 loading class 0x000000001e5937d0 done
Event: 26.269 Thread 0x00000000025cd800 DEOPT PACKING pc=0x0000000002836a88 sp=0x00000000026cf750
Event: 26.269 Thread 0x00000000025cd800 DEOPT UNPACKING pc=0x0000000002809164 sp=0x00000000026cf6d8 mode 2


Dynamic libraries:
0x000007f6b8640000 - 0x000007f6b8673000 	C:\Program Files\Java\jdk1.7.0_13\bin\java.exe
0x000007fa6aa80000 - 0x000007fa6ac3e000 	C:\WINDOWS\SYSTEM32\ntdll.dll
0x000007fa6a710000 - 0x000007fa6a846000 	C:\WINDOWS\system32\KERNEL32.DLL
0x000007fa67b80000 - 0x000007fa67c73000 	C:\WINDOWS\system32\KERNELBASE.dll
0x000007fa6a5d0000 - 0x000007fa6a6ae000 	C:\WINDOWS\system32\ADVAPI32.dll
0x000007fa6a480000 - 0x000007fa6a5cc000 	C:\WINDOWS\system32\USER32.dll
0x000007fa65590000 - 0x000007fa657f9000 	C:\WINDOWS\WinSxS\amd64_microsoft.windows.common-controls_6595b64144ccf1df_6.0.9200.16384_none_418c2a697189c07f\COMCTL32.dll
0x000007fa67fb0000 - 0x000007fa68055000 	C:\WINDOWS\system32\msvcrt.dll
0x000007fa67f60000 - 0x000007fa67fa8000 	C:\WINDOWS\SYSTEM32\sechost.dll
0x000007fa686e0000 - 0x000007fa68820000 	C:\WINDOWS\system32\RPCRT4.dll
0x000007fa682b0000 - 0x000007fa683f0000 	C:\WINDOWS\system32\GDI32.dll
0x000007fa683f0000 - 0x000007fa68429000 	C:\WINDOWS\system32\IMM32.DLL
0x000007fa68c80000 - 0x000007fa68d95000 	C:\WINDOWS\system32\MSCTF.dll
0x0000000063680000 - 0x0000000063751000 	C:\Program Files\Java\jdk1.7.0_13\jre\bin\msvcr100.dll
0x0000000063760000 - 0x0000000063e7f000 	C:\Program Files\Java\jdk1.7.0_13\jre\bin\server\jvm.dll
0x000007fa643a0000 - 0x000007fa643a9000 	C:\WINDOWS\SYSTEM32\WSOCK32.dll
0x000007fa613c0000 - 0x000007fa613e0000 	C:\WINDOWS\SYSTEM32\WINMM.dll
0x000007fa68b10000 - 0x000007fa68b17000 	C:\WINDOWS\system32\PSAPI.DLL
0x000007fa6a6b0000 - 0x000007fa6a708000 	C:\WINDOWS\system32\WS2_32.dll
0x000007fa61380000 - 0x000007fa613b2000 	C:\WINDOWS\SYSTEM32\WINMMBASE.dll
0x000007fa68b00000 - 0x000007fa68b09000 	C:\WINDOWS\system32\NSI.dll
0x0000000063630000 - 0x000000006363f000 	C:\Program Files\Java\jdk1.7.0_13\jre\bin\verify.dll
0x0000000063600000 - 0x0000000063628000 	C:\Program Files\Java\jdk1.7.0_13\jre\bin\java.dll
0x00000000635e0000 - 0x00000000635f5000 	C:\Program Files\Java\jdk1.7.0_13\jre\bin\zip.dll
0x00000000635c0000 - 0x00000000635d9000 	C:\Program Files\Java\jdk1.7.0_13\jre\bin\net.dll
0x000007fa67150000 - 0x000007fa671ac000 	C:\WINDOWS\system32\mswsock.dll
0x00000000635a0000 - 0x00000000635b1000 	C:\Program Files\Java\jdk1.7.0_13\jre\bin\nio.dll
0x000007fa64a40000 - 0x000007fa64ba3000 	C:\WINDOWS\SYSTEM32\dbghelp.dll

VM Arguments:
jvm_args: -Dfile.encoding=UTF-8 
java_command: codelib.CodeLib
Launcher Type: SUN_STANDARD

Environment Variables:
PATH=C:\Program Files (x86)\AMD APP\bin\x86_64;C:\Program Files (x86)\AMD APP\bin\x86;C:\WINDOWS\system32;C:\WINDOWS;C:\WINDOWS\System32\Wbem;C:\WINDOWS\System32\WindowsPowerShell\v1.0\;C:\Program Files\MiKTeX 2.9\miktex\bin\x64\;c:\Program Files (x86)\Common Files\Ulead Systems\MPEG;C:\Program Files\Microsoft\Web Platform Installer\;C:\Program Files (x86)\Microsoft ASP.NET\ASP.NET Web Pages\v1.0\;C:\Program Files (x86)\Windows Kits\8.0\Windows Performance Toolkit\;C:\Program Files\Microsoft SQL Server\110\Tools\Binn\;C:\Program Files (x86)\ATI Technologies\ATI.ACE\Core-Static;C:\StrawberryPerl\c\bin;C:\StrawberryPerl\perl\site\bin;C:\StrawberryPerl\perl\bin;C:\Program Files\Java\jdk1.7.0_13\bin;C:\Program Files (x86)\MKVToolNix
USERNAME=Ruben
OS=Windows_NT
PROCESSOR_IDENTIFIER=Intel64 Family 6 Model 42 Stepping 7, GenuineIntel



---------------  S Y S T E M  ---------------

OS: Windows 8 , 64 bit Build 9200 

CPU:total 8 (4 cores per cpu, 2 threads per core) family 6 model 42 stepping 7, cmov, cx8, fxsr, mmx, sse, sse2, sse3, ssse3, sse4.1, sse4.2, popcnt, avx, ht, tsc, tscinvbit

Memory: 4k page, physical 33518720k(30340944k free), swap 67073152k(62641704k free)

vm_info: Java HotSpot(TM) 64-Bit Server VM (23.7-b01) for windows-amd64 JRE (1.7.0_13-b20), built on Jan 30 2013 10:10:00 by "java_re" with unknown MS VC++:1600

time: Mon Apr 15 18:36:09 2013
elapsed time: 26 seconds

